#
# There is insufficient memory for the Java Runtime Environment to continue.
# Native memory allocation (malloc) failed to allocate 336656 bytes for Chunk::new
# Possible reasons:
#   The system is out of physical RAM or swap space
#   The process is running with CompressedOops enabled, and the Java Heap may be blocking the growth of the native heap
# Possible solutions:
#   Reduce memory load on the system
#   Increase physical memory or swap space
#   Check if swap backing store is full
#   Decrease Java heap size (-Xmx/-Xms)
#   Decrease number of Java threads
#   Decrease Java thread stack sizes (-Xss)
#   Set larger code cache with -XX:ReservedCodeCacheSize=
#   JVM is running with Unscaled Compressed Oops mode in which the Java heap is
#     placed in the first 4GB address space. The Java Heap base address is the
#     maximum limit for the native heap growth. Please use -XX:HeapBaseMinAddress
#     to set the Java Heap base and to place the Java Heap above 4GB virtual address.
# This output file may be truncated or incomplete.
#
#  Out of Memory Error (allocation.cpp:389), pid=428, tid=0x0000000000002eb0
#
# JRE version: OpenJDK Runtime Environment (8.0_212-b04) (build 1.8.0_212-release-1586-b04)
# Java VM: OpenJDK 64-Bit Server VM (25.212-b04 mixed mode windows-amd64 compressed oops)
# Failed to write core dump. Minidumps are not enabled by default on client versions of Windows
#

---------------  T H R E A D  ---------------

Current thread (0x0000000018dbf000):  JavaThread "C2 CompilerThread1" daemon [_thread_in_native, id=11952, stack(0x0000000019790000,0x0000000019890000)]

Stack: [0x0000000019790000,0x0000000019890000]
[error occurred during error reporting (printing stack bounds), id 0xc0000005]

Native frames: (J=compiled Java code, j=interpreted, Vv=VM code, C=native code)


Current CompileTask:
C2:   7132 4217       4       groovy.lang.MetaClassImpl::addMetaMethodToIndex (65 bytes)


---------------  P R O C E S S  ---------------

Java Threads: ( => current thread )
  0x000000001dd02000 JavaThread "Cache worker for Build Output Cleanup Cache (E:\Android Studio Projects\UberClone\.gradle\buildOutputCleanup)" [_thread_blocked, id=9552, stack(0x00000000240b0000,0x00000000241b0000)]
  0x000000001dd08800 JavaThread "pool-1-thread-1" [_thread_blocked, id=7636, stack(0x0000000023db0000,0x0000000023eb0000)]
  0x000000001dd05000 JavaThread "Build operations Thread 8" [_thread_blocked, id=1228, stack(0x00000000238b0000,0x00000000239b0000)]
  0x000000001dd02800 JavaThread "Build operations Thread 7" [_thread_blocked, id=348, stack(0x00000000237b0000,0x00000000238b0000)]
  0x000000001dd00800 JavaThread "Build operations Thread 6" [_thread_blocked, id=4136, stack(0x00000000236b0000,0x00000000237b0000)]
  0x000000001dd04000 JavaThread "Build operations Thread 5" [_thread_blocked, id=9668, stack(0x00000000235b0000,0x00000000236b0000)]
  0x000000001dd05800 JavaThread "Build operations Thread 4" [_thread_blocked, id=10352, stack(0x00000000234b0000,0x00000000235b0000)]
  0x000000001dd01000 JavaThread "Build operations Thread 3" [_thread_blocked, id=5536, stack(0x00000000233b0000,0x00000000234b0000)]
  0x000000001dd03800 JavaThread "Build operations Thread 2" [_thread_blocked, id=10324, stack(0x00000000232b0000,0x00000000233b0000)]
  0x000000001dd07000 JavaThread "Build operations" [_thread_blocked, id=948, stack(0x00000000231b0000,0x00000000232b0000)]
  0x000000001dd06800 JavaThread "Cache worker for execution history cache (C:\Users\prajw\.gradle\caches\5.6.4\executionHistory)" [_thread_blocked, id=8624, stack(0x0000000022bd0000,0x0000000022cd0000)]
  0x0000000019de0000 JavaThread "Cache worker for cache directory md-rule (C:\Users\prajw\.gradle\caches\5.6.4\md-rule)" [_thread_blocked, id=4828, stack(0x0000000022ad0000,0x0000000022bd0000)]
  0x0000000019ddf000 JavaThread "Cache worker for cache directory md-supplier (C:\Users\prajw\.gradle\caches\5.6.4\md-supplier)" [_thread_blocked, id=9984, stack(0x0000000021790000,0x0000000021890000)]
  0x0000000019de1800 JavaThread "Cache worker for file hash cache (E:\Android Studio Projects\UberClone\.gradle\5.6.4\fileHashes)" [_thread_blocked, id=4944, stack(0x000000001fe50000,0x000000001ff50000)]
  0x0000000019ddd800 JavaThread "Cache worker for journal cache (C:\Users\prajw\.gradle\caches\journal-1)" [_thread_blocked, id=6008, stack(0x000000001dbb0000,0x000000001dcb0000)]
  0x0000000019de0800 JavaThread "File lock request listener" [_thread_in_native, id=3884, stack(0x000000001dab0000,0x000000001dbb0000)]
  0x000000001b8c7000 JavaThread "Cache worker for file hash cache (C:\Users\prajw\.gradle\caches\5.6.4\fileHashes)" [_thread_blocked, id=9128, stack(0x000000001d9b0000,0x000000001dab0000)]
  0x000000001b78b000 JavaThread "Thread-9" [_thread_blocked, id=9652, stack(0x000000001d6b0000,0x000000001d7b0000)]
  0x000000001b794000 JavaThread "Stdin handler" [_thread_blocked, id=4296, stack(0x000000001d5b0000,0x000000001d6b0000)]
  0x000000001b7e0000 JavaThread "Asynchronous log dispatcher for DefaultDaemonConnection: socket connection from /127.0.0.1:51478 to /127.0.0.1:51479" [_thread_blocked, id=5392, stack(0x000000001d3b0000,0x000000001d4b0000)]
  0x000000001b77e800 JavaThread "Daemon worker" [_thread_in_vm, id=8832, stack(0x000000001d2b0000,0x000000001d3b0000)]
  0x000000001b77d000 JavaThread "Cancel handler" [_thread_blocked, id=9412, stack(0x000000001d1b0000,0x000000001d2b0000)]
  0x000000001b712800 JavaThread "Handler for socket connection from /127.0.0.1:51478 to /127.0.0.1:51479" [_thread_in_native, id=11924, stack(0x000000001ceb0000,0x000000001cfb0000)]
  0x000000001b70e000 JavaThread "Daemon" [_thread_blocked, id=10488, stack(0x000000001cdb0000,0x000000001ceb0000)]
  0x000000001b75a800 JavaThread "Daemon periodic checks" [_thread_blocked, id=4532, stack(0x000000001ccb0000,0x000000001cdb0000)]
  0x000000001b6e1000 JavaThread "Incoming local TCP Connector on port 51478" [_thread_in_native, id=8900, stack(0x000000001ca70000,0x000000001cb70000)]
  0x000000001b662800 JavaThread "Daemon health stats" [_thread_blocked, id=8896, stack(0x000000001c430000,0x000000001c530000)]
  0x0000000018e55000 JavaThread "Service Thread" daemon [_thread_blocked, id=7064, stack(0x0000000019a90000,0x0000000019b90000)]
  0x0000000018dcc000 JavaThread "C1 CompilerThread3" daemon [_thread_blocked, id=9368, stack(0x0000000019990000,0x0000000019a90000)]
  0x0000000016fdc800 JavaThread "C2 CompilerThread2" daemon [_thread_in_native, id=3940, stack(0x0000000019890000,0x0000000019990000)]
=>0x0000000018dbf000 JavaThread "C2 CompilerThread1" daemon [_thread_in_native, id=11952, stack(0x0000000019790000,0x0000000019890000)]
  0x0000000018dbb800 JavaThread "C2 CompilerThread0" daemon [_thread_in_native, id=3552, stack(0x0000000019690000,0x0000000019790000)]
  0x0000000018dba800 JavaThread "Attach Listener" daemon [_thread_blocked, id=7964, stack(0x0000000019590000,0x0000000019690000)]
  0x0000000018dc6000 JavaThread "Signal Dispatcher" daemon [_thread_blocked, id=11064, stack(0x0000000019490000,0x0000000019590000)]
  0x000000000320d800 JavaThread "Finalizer" daemon [_thread_blocked, id=452, stack(0x0000000019290000,0x0000000019390000)]
  0x0000000018db0800 JavaThread "Reference Handler" daemon [_thread_blocked, id=10548, stack(0x0000000019190000,0x0000000019290000)]
  0x00000000030de800 JavaThread "main" [_thread_blocked, id=9788, stack(0x0000000002f70000,0x0000000003070000)]

Other Threads:
  0x0000000016fc8000 VMThread [stack: 0x0000000018c90000,0x0000000018d90000] [id=3912]
  0x0000000018e55800 WatcherThread [stack: 0x0000000019b90000,0x0000000019c90000] [id=11036]

VM state:not at safepoint (normal execution)

VM Mutex/Monitor currently owned by a thread: None

heap address: 0x00000000a0000000, size: 1536 MB, Compressed Oops mode: 32-bit
Narrow klass base: 0x0000000000000000, Narrow klass shift: 3
Compressed class space size: 1073741824 Address: 0x0000000100000000

Heap:
 PSYoungGen      total 111616K, used 46661K [0x00000000e0000000, 0x00000000e9c80000, 0x0000000100000000)
  eden space 102912K, 36% used [0x00000000e0000000,0x00000000e2517810,0x00000000e6480000)
  from space 8704K, 99% used [0x00000000e7300000,0x00000000e7b79d88,0x00000000e7b80000)
  to   space 14848K, 0% used [0x00000000e6480000,0x00000000e6480000,0x00000000e7300000)
 ParOldGen       total 61440K, used 22929K [0x00000000a0000000, 0x00000000a3c00000, 0x00000000e0000000)
  object space 61440K, 37% used [0x00000000a0000000,0x00000000a1664438,0x00000000a3c00000)
 Metaspace       used 47788K, capacity 49000K, committed 49320K, reserved 1091584K
  class space    used 6403K, capacity 6735K, committed 6824K, reserved 1048576K

Card table byte_map: [0x00000000125d0000,0x00000000128e0000] byte_map_base: 0x00000000120d0000

Marking Bits: (ParMarkBitMap*) 0x00000000535d9f30
 Begin Bits: [0x00000000132e0000, 0x0000000014ae0000)
 End Bits:   [0x0000000014ae0000, 0x00000000162e0000)

Polling page: 0x0000000001210000

CodeCache: size=245760Kb used=13393Kb max_used=13393Kb free=232367Kb
 bounds [0x0000000003210000, 0x0000000003f30000, 0x0000000012210000]
 total_blobs=4605 nmethods=3839 adapters=679
 compilation: enabled

Compilation events (10 events):
Event: 7.115 Thread 0x0000000018dcc000 4227       3       org.gradle.internal.logging.events.ProgressStartEvent::<init> (74 bytes)
Event: 7.115 Thread 0x0000000018dcc000 nmethod 4227 0x0000000003f18d90 code [0x0000000003f18f00, 0x0000000003f192d0]
Event: 7.125 Thread 0x0000000018dcc000 4230       3       org.gradle.tooling.internal.provider.runner.SubtreeFilteringBuildOperationListener::finished (72 bytes)
Event: 7.126 Thread 0x0000000018dcc000 nmethod 4230 0x0000000003f1fb10 code [0x0000000003f1fd40, 0x0000000003f20ac8]
Event: 7.131 Thread 0x0000000018dcc000 4231       3       java.util.concurrent.TimeUnit$1::toNanos (2 bytes)
Event: 7.131 Thread 0x0000000018dcc000 nmethod 4231 0x0000000003f1f810 code [0x0000000003f1f960, 0x0000000003f1fab0]
Event: 7.131 Thread 0x0000000018dcc000 4232       3       org.gradle.api.internal.collections.IterationOrderRetainingSetElementSource::<init> (17 bytes)
Event: 7.131 Thread 0x0000000018dcc000 nmethod 4232 0x0000000003f2d290 code [0x0000000003f2d480, 0x0000000003f2de30]
Event: 7.131 Thread 0x0000000018dcc000 4233       3       org.gradle.api.internal.collections.IterationOrderRetainingSetElementSource$1::<init> (10 bytes)
Event: 7.131 Thread 0x0000000018dcc000 nmethod 4233 0x0000000003f1f450 code [0x0000000003f1f5a0, 0x0000000003f1f770]

GC Heap History (10 events):
Event: 2.675 GC heap before
{Heap before GC invocations=8 (full 1):
 PSYoungGen      total 76800K, used 66048K [0x00000000e0000000, 0x00000000e5700000, 0x0000000100000000)
  eden space 66048K, 100% used [0x00000000e0000000,0x00000000e4080000,0x00000000e4080000)
  from space 10752K, 0% used [0x00000000e4b80000,0x00000000e4b80000,0x00000000e5600000)
  to   space 11264K, 0% used [0x00000000e4080000,0x00000000e4080000,0x00000000e4b80000)
 ParOldGen       total 61440K, used 9601K [0x00000000a0000000, 0x00000000a3c00000, 0x00000000e0000000)
  object space 61440K, 15% used [0x00000000a0000000,0x00000000a0960648,0x00000000a3c00000)
 Metaspace       used 29136K, capacity 29716K, committed 30080K, reserved 1075200K
  class space    used 3930K, capacity 4135K, committed 4224K, reserved 1048576K
Event: 2.687 GC heap after
Heap after GC invocations=8 (full 1):
 PSYoungGen      total 77312K, used 8176K [0x00000000e0000000, 0x00000000e7e80000, 0x0000000100000000)
  eden space 66048K, 0% used [0x00000000e0000000,0x00000000e0000000,0x00000000e4080000)
  from space 11264K, 72% used [0x00000000e4080000,0x00000000e487c030,0x00000000e4b80000)
  to   space 11776K, 0% used [0x00000000e7300000,0x00000000e7300000,0x00000000e7e80000)
 ParOldGen       total 61440K, used 9609K [0x00000000a0000000, 0x00000000a3c00000, 0x00000000e0000000)
  object space 61440K, 15% used [0x00000000a0000000,0x00000000a0962648,0x00000000a3c00000)
 Metaspace       used 29136K, capacity 29716K, committed 30080K, reserved 1075200K
  class space    used 3930K, capacity 4135K, committed 4224K, reserved 1048576K
}
Event: 3.514 GC heap before
{Heap before GC invocations=9 (full 1):
 PSYoungGen      total 77312K, used 74224K [0x00000000e0000000, 0x00000000e7e80000, 0x0000000100000000)
  eden space 66048K, 100% used [0x00000000e0000000,0x00000000e4080000,0x00000000e4080000)
  from space 11264K, 72% used [0x00000000e4080000,0x00000000e487c030,0x00000000e4b80000)
  to   space 11776K, 0% used [0x00000000e7300000,0x00000000e7300000,0x00000000e7e80000)
 ParOldGen       total 61440K, used 9609K [0x00000000a0000000, 0x00000000a3c00000, 0x00000000e0000000)
  object space 61440K, 15% used [0x00000000a0000000,0x00000000a0962648,0x00000000a3c00000)
 Metaspace       used 32223K, capacity 32812K, committed 33152K, reserved 1077248K
  class space    used 4424K, capacity 4655K, committed 4736K, reserved 1048576K
Event: 3.520 GC heap after
Heap after GC invocations=9 (full 1):
 PSYoungGen      total 111616K, used 8533K [0x00000000e0000000, 0x00000000e7b80000, 0x0000000100000000)
  eden space 102912K, 0% used [0x00000000e0000000,0x00000000e0000000,0x00000000e6480000)
  from space 8704K, 98% used [0x00000000e7300000,0x00000000e7b55580,0x00000000e7b80000)
  to   space 11776K, 0% used [0x00000000e6480000,0x00000000e6480000,0x00000000e7000000)
 ParOldGen       total 61440K, used 9617K [0x00000000a0000000, 0x00000000a3c00000, 0x00000000e0000000)
  object space 61440K, 15% used [0x00000000a0000000,0x00000000a0964648,0x00000000a3c00000)
 Metaspace       used 32223K, capacity 32812K, committed 33152K, reserved 1077248K
  class space    used 4424K, capacity 4655K, committed 4736K, reserved 1048576K
}
Event: 4.555 GC heap before
{Heap before GC invocations=10 (full 1):
 PSYoungGen      total 111616K, used 71727K [0x00000000e0000000, 0x00000000e7b80000, 0x0000000100000000)
  eden space 102912K, 61% used [0x00000000e0000000,0x00000000e3db6900,0x00000000e6480000)
  from space 8704K, 98% used [0x00000000e7300000,0x00000000e7b55580,0x00000000e7b80000)
  to   space 11776K, 0% used [0x00000000e6480000,0x00000000e6480000,0x00000000e7000000)
 ParOldGen       total 61440K, used 9617K [0x00000000a0000000, 0x00000000a3c00000, 0x00000000e0000000)
  object space 61440K, 15% used [0x00000000a0000000,0x00000000a0964648,0x00000000a3c00000)
 Metaspace       used 34551K, capacity 35404K, committed 35496K, reserved 1079296K
  class space    used 4751K, capacity 5003K, committed 5032K, reserved 1048576K
Event: 4.563 GC heap after
Heap after GC invocations=10 (full 1):
 PSYoungGen      total 114688K, used 10597K [0x00000000e0000000, 0x00000000e7b80000, 0x0000000100000000)
  eden space 102912K, 0% used [0x00000000e0000000,0x00000000e0000000,0x00000000e6480000)
  from space 11776K, 89% used [0x00000000e6480000,0x00000000e6ed9658,0x00000000e7000000)
  to   space 8704K, 0% used [0x00000000e7300000,0x00000000e7300000,0x00000000e7b80000)
 ParOldGen       total 61440K, used 9625K [0x00000000a0000000, 0x00000000a3c00000, 0x00000000e0000000)
  object space 61440K, 15% used [0x00000000a0000000,0x00000000a0966648,0x00000000a3c00000)
 Metaspace       used 34551K, capacity 35404K, committed 35496K, reserved 1079296K
  class space    used 4751K, capacity 5003K, committed 5032K, reserved 1048576K
}
Event: 4.563 GC heap before
{Heap before GC invocations=11 (full 2):
 PSYoungGen      total 114688K, used 10597K [0x00000000e0000000, 0x00000000e7b80000, 0x0000000100000000)
  eden space 102912K, 0% used [0x00000000e0000000,0x00000000e0000000,0x00000000e6480000)
  from space 11776K, 89% used [0x00000000e6480000,0x00000000e6ed9658,0x00000000e7000000)
  to   space 8704K, 0% used [0x00000000e7300000,0x00000000e7300000,0x00000000e7b80000)
 ParOldGen       total 61440K, used 9625K [0x00000000a0000000, 0x00000000a3c00000, 0x00000000e0000000)
  object space 61440K, 15% used [0x00000000a0000000,0x00000000a0966648,0x00000000a3c00000)
 Metaspace       used 34551K, capacity 35404K, committed 35496K, reserved 1079296K
  class space    used 4751K, capacity 5003K, committed 5032K, reserved 1048576K
Event: 4.603 GC heap after
Heap after GC invocations=11 (full 2):
 PSYoungGen      total 114688K, used 0K [0x00000000e0000000, 0x00000000e7b80000, 0x0000000100000000)
  eden space 102912K, 0% used [0x00000000e0000000,0x00000000e0000000,0x00000000e6480000)
  from space 11776K, 0% used [0x00000000e6480000,0x00000000e6480000,0x00000000e7000000)
  to   space 8704K, 0% used [0x00000000e7300000,0x00000000e7300000,0x00000000e7b80000)
 ParOldGen       total 61440K, used 17476K [0x00000000a0000000, 0x00000000a3c00000, 0x00000000e0000000)
  object space 61440K, 28% used [0x00000000a0000000,0x00000000a11112f8,0x00000000a3c00000)
 Metaspace       used 34525K, capacity 35320K, committed 35496K, reserved 1079296K
  class space    used 4744K, capacity 4989K, committed 5032K, reserved 1048576K
}
Event: 6.415 GC heap before
{Heap before GC invocations=12 (full 2):
 PSYoungGen      total 114688K, used 102912K [0x00000000e0000000, 0x00000000e7b80000, 0x0000000100000000)
  eden space 102912K, 100% used [0x00000000e0000000,0x00000000e6480000,0x00000000e6480000)
  from space 11776K, 0% used [0x00000000e6480000,0x00000000e6480000,0x00000000e7000000)
  to   space 8704K, 0% used [0x00000000e7300000,0x00000000e7300000,0x00000000e7b80000)
 ParOldGen       total 61440K, used 17476K [0x00000000a0000000, 0x00000000a3c00000, 0x00000000e0000000)
  object space 61440K, 28% used [0x00000000a0000000,0x00000000a11112f8,0x00000000a3c00000)
 Metaspace       used 44806K, capacity 45906K, committed 46120K, reserved 1089536K
  class space    used 6043K, capacity 6351K, committed 6440K, reserved 1048576K
Event: 6.422 GC heap after
Heap after GC invocations=12 (full 2):
 PSYoungGen      total 111616K, used 8679K [0x00000000e0000000, 0x00000000e9c80000, 0x0000000100000000)
  eden space 102912K, 0% used [0x00000000e0000000,0x00000000e0000000,0x00000000e6480000)
  from space 8704K, 99% used [0x00000000e7300000,0x00000000e7b79d88,0x00000000e7b80000)
  to   space 14848K, 0% used [0x00000000e6480000,0x00000000e6480000,0x00000000e7300000)
 ParOldGen       total 61440K, used 22929K [0x00000000a0000000, 0x00000000a3c00000, 0x00000000e0000000)
  object space 61440K, 37% used [0x00000000a0000000,0x00000000a1664438,0x00000000a3c00000)
 Metaspace       used 44806K, capacity 45906K, committed 46120K, reserved 1089536K
  class space    used 6043K, capacity 6351K, committed 6440K, reserved 1048576K
}

Deoptimization events (10 events):
Event: 6.084 Thread 0x000000001b77e800 Uncommon trap: reason=unstable_if action=reinterpret pc=0x00000000036ca970 method=java.util.jar.JarFile.maybeInstantiateVerifier()V @ 4
Event: 6.084 Thread 0x000000001b77e800 Uncommon trap: reason=unstable_if action=reinterpret pc=0x0000000003c5e834 method=java.security.CodeSource.matchCerts(Ljava/security/CodeSource;Z)Z @ 11
Event: 6.098 Thread 0x000000001b77e800 Uncommon trap: reason=unstable_if action=reinterpret pc=0x0000000003cbd23c method=java.util.LinkedHashMap.get(Ljava/lang/Object;)Ljava/lang/Object; @ 20
Event: 6.141 Thread 0x000000001b77e800 Uncommon trap: reason=unstable_if action=reinterpret pc=0x0000000003a77130 method=org.objectweb.asm.ByteVector.putUTF8(Ljava/lang/String;)Lorg/objectweb/asm/ByteVector; @ 93
Event: 6.555 Thread 0x000000001b77e800 Uncommon trap: reason=unstable_if action=reinterpret pc=0x0000000003b12914 method=org.gradle.internal.reflect.PropertyAccessorType.of(Ljava/lang/reflect/Method;)Lorg/gradle/internal/reflect/PropertyAccessorType; @ 56
Event: 6.936 Thread 0x000000001b77e800 Uncommon trap: reason=speculate_class_check action=maybe_recompile pc=0x0000000003c7ba28 method=com.google.common.collect.AbstractIndexedListIterator.next()Ljava/lang/Object; @ 27
Event: 6.936 Thread 0x000000001b77e800 Uncommon trap: reason=speculate_class_check action=maybe_recompile pc=0x0000000003c7ba28 method=com.google.common.collect.AbstractIndexedListIterator.next()Ljava/lang/Object; @ 27
Event: 6.936 Thread 0x000000001b77e800 Uncommon trap: reason=speculate_class_check action=maybe_recompile pc=0x0000000003c7ba28 method=com.google.common.collect.AbstractIndexedListIterator.next()Ljava/lang/Object; @ 27
Event: 6.936 Thread 0x000000001b77e800 Uncommon trap: reason=speculate_class_check action=maybe_recompile pc=0x0000000003c7ba28 method=com.google.common.collect.AbstractIndexedListIterator.next()Ljava/lang/Object; @ 27
Event: 6.949 Thread 0x000000001b77e800 Uncommon trap: reason=unstable_if action=reinterpret pc=0x00000000034ce070 method=org.gradle.internal.instantiation.AbstractClassGenerator$InjectionAnnotationValidator.validateMethod(Ljava/lang/reflect/Method;Lorg/gradle/internal/reflect/PropertyAccessorT

Classes redefined (0 events):
No events

Internal exceptions (10 events):
Event: 7.050 Thread 0x000000001b77e800 Exception <a 'java/lang/ClassNotFoundException': build_2jaawl3playkt6ndk5cev0t0l$_run_closure1BeanInfo> (0x00000000e1d71cd8) thrown at [D:\src\AOSP-openjdk-cygwin\jdk8u\hotspot\src\share\vm\classfile\systemDictionary.cpp, line 210]
Event: 7.050 Thread 0x000000001b77e800 Exception <a 'java/lang/ClassNotFoundException': build_2jaawl3playkt6ndk5cev0t0l$_run_closure1Customizer> (0x00000000e1d83098) thrown at [D:\src\AOSP-openjdk-cygwin\jdk8u\hotspot\src\share\vm\classfile\systemDictionary.cpp, line 210]
Event: 7.098 Thread 0x000000001b77e800 Exception <a 'java/lang/ClassNotFoundException': org/gradle/api/internal/file/collections/DefaultConfigurableFileTreeBeanInfo> (0x00000000e1f2f280) thrown at [D:\src\AOSP-openjdk-cygwin\jdk8u\hotspot\src\share\vm\classfile\systemDictionary.cpp, line 210]
Event: 7.098 Thread 0x000000001b77e800 Exception <a 'java/lang/ClassNotFoundException': org/gradle/api/internal/file/CompositeFileTreeBeanInfo> (0x00000000e1f67448) thrown at [D:\src\AOSP-openjdk-cygwin\jdk8u\hotspot\src\share\vm\classfile\systemDictionary.cpp, line 210]
Event: 7.099 Thread 0x000000001b77e800 Exception <a 'java/lang/ClassNotFoundException': org/gradle/api/internal/file/CompositeFileCollectionBeanInfo> (0x00000000e1fa3be0) thrown at [D:\src\AOSP-openjdk-cygwin\jdk8u\hotspot\src\share\vm\classfile\systemDictionary.cpp, line 210]
Event: 7.099 Thread 0x000000001b77e800 Exception <a 'java/lang/ClassNotFoundException': org/gradle/api/internal/file/AbstractFileCollectionBeanInfo> (0x00000000e1fe0a28) thrown at [D:\src\AOSP-openjdk-cygwin\jdk8u\hotspot\src\share\vm\classfile\systemDictionary.cpp, line 210]
Event: 7.100 Thread 0x000000001b77e800 Exception <a 'java/lang/ClassNotFoundException': org/gradle/api/internal/file/AbstractFileCollectionCustomizer> (0x00000000e201e2b8) thrown at [D:\src\AOSP-openjdk-cygwin\jdk8u\hotspot\src\share\vm\classfile\systemDictionary.cpp, line 210]
Event: 7.101 Thread 0x000000001b77e800 Exception <a 'java/lang/ClassNotFoundException': org/gradle/api/internal/file/CompositeFileCollectionCustomizer> (0x00000000e206bac8) thrown at [D:\src\AOSP-openjdk-cygwin\jdk8u\hotspot\src\share\vm\classfile\systemDictionary.cpp, line 210]
Event: 7.101 Thread 0x000000001b77e800 Exception <a 'java/lang/ClassNotFoundException': org/gradle/api/internal/file/CompositeFileTreeCustomizer> (0x00000000e20b59c8) thrown at [D:\src\AOSP-openjdk-cygwin\jdk8u\hotspot\src\share\vm\classfile\systemDictionary.cpp, line 210]
Event: 7.102 Thread 0x000000001b77e800 Exception <a 'java/lang/ClassNotFoundException': org/gradle/api/internal/file/collections/DefaultConfigurableFileTreeCustomizer> (0x00000000e210a6c0) thrown at [D:\src\AOSP-openjdk-cygwin\jdk8u\hotspot\src\share\vm\classfile\systemDictionary.cpp, line 210

Events (10 events):
Event: 7.127 loading class com/google/wireless/android/sdk/stats/GradleBuildSplits$2
Event: 7.127 loading class com/google/wireless/android/sdk/stats/GradleBuildSplits$2 done
Event: 7.127 loading class com/google/wireless/android/sdk/stats/GradleBuildSplits$3
Event: 7.127 loading class com/google/wireless/android/sdk/stats/GradleBuildSplits$3 done
Event: 7.128 loading class com/google/wireless/android/sdk/stats/GradleBuildSplits$Builder
Event: 7.128 loading class com/google/wireless/android/sdk/stats/GradleBuildSplits$Builder done
Event: 7.131 loading class java/util/Collections$2
Event: 7.131 loading class java/util/Collections$2 done
Event: 7.131 loading class com/android/builder/core/VariantType
Event: 7.131 loading class com/android/builder/core/VariantType done


Dynamic libraries:
0x00007ff6129e0000 - 0x00007ff612a11000 	C:\Program Files\Android\Android Studio\jre\bin\java.exe
0x00007ffce63d0000 - 0x00007ffce65bd000 	C:\Windows\SYSTEM32\ntdll.dll
0x00007ffce54e0000 - 0x00007ffce5593000 	C:\Windows\System32\KERNEL32.DLL
0x00007ffce2ee0000 - 0x00007ffce3175000 	C:\Windows\System32\KERNELBASE.dll
0x00007ffce5420000 - 0x00007ffce54c3000 	C:\Windows\System32\ADVAPI32.dll
0x00007ffce4fc0000 - 0x00007ffce505e000 	C:\Windows\System32\msvcrt.dll
0x00007ffce5380000 - 0x00007ffce541e000 	C:\Windows\System32\sechost.dll
0x00007ffce6270000 - 0x00007ffce6392000 	C:\Windows\System32\RPCRT4.dll
0x00007ffce50f0000 - 0x00007ffce5287000 	C:\Windows\System32\USER32.dll
0x00007ffce35d0000 - 0x00007ffce35f0000 	C:\Windows\System32\win32u.dll
0x00007ffce38e0000 - 0x00007ffce3909000 	C:\Windows\System32\GDI32.dll
0x00007ffce2490000 - 0x00007ffce2629000 	C:\Windows\System32\gdi32full.dll
0x00007ffce3460000 - 0x00007ffce3500000 	C:\Windows\System32\msvcp_win.dll
0x00007ffce3180000 - 0x00007ffce327a000 	C:\Windows\System32\ucrtbase.dll
0x00007ffcd32f0000 - 0x00007ffcd3569000 	C:\Windows\WinSxS\amd64_microsoft.windows.common-controls_6595b64144ccf1df_6.0.17763.1217_none_de6e4304534e0ad3\COMCTL32.dll
0x00007ffce55a0000 - 0x00007ffce58cc000 	C:\Windows\System32\combase.dll
0x00007ffce26e0000 - 0x00007ffce275e000 	C:\Windows\System32\bcryptPrimitives.dll
0x00007ffce50c0000 - 0x00007ffce50ee000 	C:\Windows\System32\IMM32.DLL
0x0000000052c50000 - 0x0000000052d22000 	C:\Program Files\Android\Android Studio\jre\jre\bin\msvcr100.dll
0x0000000052e10000 - 0x0000000053656000 	C:\Program Files\Android\Android Studio\jre\jre\bin\server\jvm.dll
0x00007ffce54d0000 - 0x00007ffce54d8000 	C:\Windows\System32\PSAPI.DLL
0x00007ffcddab0000 - 0x00007ffcddad4000 	C:\Windows\SYSTEM32\WINMM.dll
0x00007ffcd0010000 - 0x00007ffcd0019000 	C:\Windows\SYSTEM32\WSOCK32.dll
0x00007ffcd66a0000 - 0x00007ffcd66aa000 	C:\Windows\SYSTEM32\VERSION.dll
0x00007ffce5ec0000 - 0x00007ffce5f2d000 	C:\Windows\System32\WS2_32.dll
0x00007ffcdd990000 - 0x00007ffcdd9bd000 	C:\Windows\SYSTEM32\winmmbase.dll
0x00007ffce3580000 - 0x00007ffce35ca000 	C:\Windows\System32\cfgmgr32.dll
0x00007ffcd2850000 - 0x00007ffcd285f000 	C:\Program Files\Android\Android Studio\jre\jre\bin\verify.dll
0x00007ffcc6d60000 - 0x00007ffcc6d89000 	C:\Program Files\Android\Android Studio\jre\jre\bin\java.dll
0x00007ffcd0790000 - 0x00007ffcd07a6000 	C:\Program Files\Android\Android Studio\jre\jre\bin\zip.dll
0x00007ffce3910000 - 0x00007ffce4e04000 	C:\Windows\System32\SHELL32.dll
0x00007ffce61c0000 - 0x00007ffce6268000 	C:\Windows\System32\shcore.dll
0x00007ffce2790000 - 0x00007ffce2ede000 	C:\Windows\System32\windows.storage.dll
0x00007ffce2440000 - 0x00007ffce2464000 	C:\Windows\System32\profapi.dll
0x00007ffce23e0000 - 0x00007ffce243d000 	C:\Windows\System32\powrprof.dll
0x00007ffce5320000 - 0x00007ffce5372000 	C:\Windows\System32\shlwapi.dll
0x00007ffce2470000 - 0x00007ffce2481000 	C:\Windows\System32\kernel.appcore.dll
0x00007ffce3560000 - 0x00007ffce3577000 	C:\Windows\System32\cryptsp.dll
0x00007ffcc65c0000 - 0x00007ffcc65da000 	C:\Program Files\Android\Android Studio\jre\jre\bin\net.dll
0x00007ffccf670000 - 0x00007ffccf847000 	C:\Windows\SYSTEM32\urlmon.dll
0x00007ffcd2560000 - 0x00007ffcd2808000 	C:\Windows\SYSTEM32\iertutil.dll
0x00007ffce1e00000 - 0x00007ffce1e0c000 	C:\Windows\SYSTEM32\CRYPTBASE.DLL
0x00007ffce1c30000 - 0x00007ffce1c97000 	C:\Windows\system32\mswsock.dll
0x00007ffcc2d30000 - 0x00007ffcc2d43000 	C:\Program Files\Android\Android Studio\jre\jre\bin\nio.dll
0x00007ffcde480000 - 0x00007ffcde4a6000 	C:\Users\prajw\.gradle\native\30\windows-amd64\native-platform.dll
0x00007ffcd2840000 - 0x00007ffcd284d000 	C:\Program Files\Android\Android Studio\jre\jre\bin\management.dll
0x00007ffce17b0000 - 0x00007ffce17e3000 	C:\Windows\system32\rsaenh.dll
0x00007ffce2760000 - 0x00007ffce2786000 	C:\Windows\System32\bcrypt.dll
0x00007ffce22c0000 - 0x00007ffce22e8000 	C:\Windows\SYSTEM32\USERENV.dll
0x00007ffce1950000 - 0x00007ffce198d000 	C:\Windows\SYSTEM32\IPHLPAPI.DLL
0x00007ffce5290000 - 0x00007ffce5298000 	C:\Windows\System32\NSI.dll
0x00007ffcd6630000 - 0x00007ffcd6646000 	C:\Windows\SYSTEM32\dhcpcsvc6.DLL
0x00007ffcd6780000 - 0x00007ffcd679c000 	C:\Windows\SYSTEM32\dhcpcsvc.DLL
0x00007ffce19a0000 - 0x00007ffce1a67000 	C:\Windows\SYSTEM32\DNSAPI.dll

VM Arguments:
jvm_args: -Xmx1536m -Dfile.encoding=windows-1252 -Duser.country=US -Duser.language=en -Duser.variant 
java_command: org.gradle.launcher.daemon.bootstrap.GradleDaemon 5.6.4
java_class_path (initial): C:\Users\prajw\.gradle\wrapper\dists\gradle-5.6.4-all\ankdp27end7byghfw1q2sw75f\gradle-5.6.4\lib\gradle-launcher-5.6.4.jar
Launcher Type: SUN_STANDARD

Environment Variables:
JAVA_HOME=C:\JAVA\bin
PATH=C:\Program Files (x86)\Common Files\Oracle\Java\javapath;C:\Program Files (x86)\Intel\Intel(R) Management Engine Components\iCLS\;C:\Program Files\Intel\Intel(R) Management Engine Components\iCLS\;C:\Windows\system32;C:\Windows;C:\Windows\System32\Wbem;C:\Windows\System32\WindowsPowerShell\v1.0\;C:\Windows\System32\OpenSSH\;C:\Program Files (x86)\NVIDIA Corporation\PhysX\Common;C:\Program Files (x86)\Intel\Intel(R) Management Engine Components\DAL;C:\Program Files\Intel\Intel(R) Management Engine Components\DAL;C:\Program Files (x86)\Intel\Intel(R) Management Engine Components\IPT;C:\Program Files\Intel\Intel(R) Management Engine Components\IPT;C:\Program Files\Git\cmd;C:\Program Files\Git\mingw64\bin;C:\Program Files\Git\usr\bin;C:\Users\prajw\Anaconda3;C:\Users\prajw\Anaconda3\Library\mingw-w64\bin;C:\Users\prajw\Anaconda3\Library\usr\bin;C:\Users\prajw\Anaconda3\Library\bin;C:\Users\prajw\Anaconda3\Scripts;C:\Users\prajw\AppData\Local\Microsoft\WindowsApps
USERNAME=prajw
OS=Windows_NT
PROCESSOR_IDENTIFIER=Intel64 Family 6 Model 142 Stepping 10, GenuineIntel



---------------  S Y S T E M  ---------------

OS: Windows 10.0 , 64 bit Build 17763 (10.0.17763.1158)

CPU:total 8 (initial active 8) (4 cores per cpu, 2 threads per core) family 6 model 142 stepping 10, cmov, cx8, fxsr, mmx, sse, sse2, sse3, ssse3, sse4.1, sse4.2, popcnt, avx, avx2, aes, clmul, erms, 3dnowpref, lzcnt, ht, tsc, tscinvbit, bmi1, bmi2, adx

Memory: 4k page, physical 8268424k(455064k free), swap 33434248k(5244k free)

vm_info: OpenJDK 64-Bit Server VM (25.212-b04) for windows-amd64 JRE (1.8.0_212-release-1586-b04), built by "builder" with MS VC++ 10.0 (VS2010)

time: Tue May 19 23:42:19 2020
timezone: India Standard Time
elapsed time: 7 seconds (0d 0h 0m 7s)

